<?xml version="1.0" encoding="UTF-8"?>
<!-- Generated by org.testng.reporters.JUnitReportReporter -->
<testsuite hostname="NDI-LAP-763" failures="0" tests="1" name="com.automation.tests.LoginTest" time="9.249" errors="0" timestamp="30 May 2021 15:48:01 GMT">
  <testcase classname="com.automation.tests.LoginTest" name="loginAssertions" time="9.249"/>
</testsuite> <!-- com.automation.tests.LoginTest -->
