<?xml version="1.0" encoding="UTF-8"?>
<!-- Generated by org.testng.reporters.JUnitReportReporter -->
<testsuite hostname="NDI-LAP-763" failures="0" tests="1" name="com.automation.base.ConfigFileReader" time="4.660" errors="0" timestamp="22 May 2021 06:07:35 GMT">
  <testcase classname="com.automation.base.ConfigFileReader" name="foo" time="4.660"/>
</testsuite> <!-- com.automation.base.ConfigFileReader -->
