<?xml version="1.0" encoding="UTF-8"?>
<!-- Generated by org.testng.reporters.JUnitReportReporter -->
<testsuite hostname="NDI-LAP-763" failures="0" tests="5" name="com.automation.tests.EngageProductDetailsTest" time="24.433" errors="0" timestamp="30 May 2021 13:10:32 GMT">
  <testcase classname="com.automation.tests.EngageProductDetailsTest" name="fieldAssertions" time="2.053"/>
  <testcase classname="com.automation.tests.EngageProductDetailsTest" name="homePageAssertions" time="21.215"/>
  <testcase classname="com.automation.tests.EngageProductDetailsTest" name="isEnabled" time="0.102"/>
  <testcase classname="com.automation.tests.EngageProductDetailsTest" name="isDisplayed" time="0.280"/>
  <testcase classname="com.automation.tests.EngageProductDetailsTest" name="checkRequiredField" time="0.783"/>
</testsuite> <!-- com.automation.tests.EngageProductDetailsTest -->
